platforms/android/build/outputs/logs/manifest-merger-debug-report.txt
-- Merging decision tree log ---
manifest
ADDED from platforms\android\AndroidManifest.xml:2:1-62:12
	package
		ADDED from platforms\android\AndroidManifest.xml:2:100-127
		INJECTED from platforms\android\AndroidManifest.xml
		INJECTED from platforms\android\AndroidManifest.xml
	android:versionName
		ADDED from platforms\android\AndroidManifest.xml:2:74-99
		INJECTED from platforms\android\AndroidManifest.xml
		INJECTED from platforms\android\AndroidManifest.xml
	android:hardwareAccelerated
		ADDED from platforms\android\AndroidManifest.xml:2:11-45
	android:versionCode
		ADDED from platforms\android\AndroidManifest.xml:2:46-73
		INJECTED from platforms\android\AndroidManifest.xml
		INJECTED from platforms\android\AndroidManifest.xml
	xmlns:android
		ADDED from platforms\android\AndroidManifest.xml:2:128-186
supports-screens
ADDED from platforms\android\AndroidManifest.xml:3:5-191
	android:largeScreens
		ADDED from platforms\android\AndroidManifest.xml:3:49-76
	android:smallScreens
		ADDED from platforms\android\AndroidManifest.xml:3:132-159
	android:normalScreens
		ADDED from platforms\android\AndroidManifest.xml:3:77-105
	android:xlargeScreens
		ADDED from platforms\android\AndroidManifest.xml:3:160-188
	android:resizeable
		ADDED from platforms\android\AndroidManifest.xml:3:106-131
	android:anyDensity
		ADDED from platforms\android\AndroidManifest.xml:3:23-48
uses-permission#android.permission.INTERNET
ADDED from platforms\android\AndroidManifest.xml:4:5-67
MERGED from [com.google.android.gms:play-services-ads-lite:11.0.4] AndroidManifest.xml:19:5-66
MERGED from [com.google.android.gms:play-services-analytics:11.0.4] AndroidManifest.xml:20:5-66
MERGED from [com.google.android.gms:play-services-analytics-impl:11.0.4] AndroidManifest.xml:20:5-66
MERGED from [com.onesignal:OneSignal:3.5.6] AndroidManifest.xml:17:5-67
MERGED from [com.google.android.gms:play-services-gcm:11.0.4] AndroidManifest.xml:21:5-66
MERGED from [com.google.android.gms:play-services-iid:11.0.4] AndroidManifest.xml:21:5-66
	android:name
		ADDED from platforms\android\AndroidManifest.xml:4:22-64
application
ADDED from platforms\android\AndroidManifest.xml:5:5-51:19
MERGED from [com.google.android.gms:play-services-ads-lite:11.0.4] AndroidManifest.xml:23:5-26:19
MERGED from [com.google.android.gms:play-services-clearcut:11.0.4] AndroidManifest.xml:18:5-19
MERGED from [com.google.android.gms:play-services-gass:11.0.4] AndroidManifest.xml:4:5-19
MERGED from [com.google.android.gms:play-services-safetynet:11.0.4] AndroidManifest.xml:18:5-19
MERGED from [com.google.android.gms:play-services-analytics:11.0.4] AndroidManifest.xml:26:5-19
MERGED from [com.google.android.gms:play-services-tagmanager-v4-impl:11.0.4] AndroidManifest.xml:19:5-19
MERGED from [com.google.android.gms:play-services-analytics-impl:11.0.4] AndroidManifest.xml:26:5-19
MERGED from [com.android.support:appcompat-v7:25.3.1] AndroidManifest.xml:29:5-20
MERGED from [com.android.support:animated-vector-drawable:25.3.1] AndroidManifest.xml:26:5-20
MERGED from [com.android.support:support-vector-drawable:25.3.1] AndroidManifest.xml:26:5-20
MERGED from [com.onesignal:OneSignal:3.5.6] AndroidManifest.xml:49:5-91:19
MERGED from [com.google.android.gms:play-services-gcm:11.0.4] AndroidManifest.xml:23:5-19
MERGED from [com.google.android.gms:play-services-iid:11.0.4] AndroidManifest.xml:23:5-19
MERGED from [com.google.android.gms:play-services-location:11.0.4] AndroidManifest.xml:4:5-19
MERGED from [com.google.android.gms:play-services-base:11.0.4] AndroidManifest.xml:18:5-20:19
MERGED from [com.google.android.gms:play-services-tasks:11.0.4] AndroidManifest.xml:4:5-19
MERGED from [com.google.android.gms:play-services-basement:11.0.4] AndroidManifest.xml:19:5-21:19
MERGED from [com.android.support:customtabs:24.0.0] AndroidManifest.xml:22:5-20
MERGED from [com.android.support:support-v4:25.3.1] AndroidManifest.xml:29:5-20
MERGED from [com.android.support:support-fragment:25.3.1] AndroidManifest.xml:29:5-20
MERGED from [com.android.support:support-media-compat:25.3.1] AndroidManifest.xml:29:5-20
MERGED from [com.android.support:support-core-ui:25.3.1] AndroidManifest.xml:29:5-20
MERGED from [com.android.support:support-core-utils:25.3.1] AndroidManifest.xml:29:5-20
MERGED from [com.android.support:support-compat:25.3.1] AndroidManifest.xml:29:5-20
	android:label
		ADDED from platforms\android\AndroidManifest.xml:5:81-113
	android:supportsRtl
		ADDED from platforms\android\AndroidManifest.xml:5:114-140
	android:hardwareAccelerated
		ADDED from platforms\android\AndroidManifest.xml:5:18-52
	android:icon
		ADDED from platforms\android\AndroidManifest.xml:5:53-80
activity#com.Minkys.Tienda.MainActivity
ADDED from platforms\android\AndroidManifest.xml:6:9-11:20
	android:label
		ADDED from platforms\android\AndroidManifest.xml:6:97-134
	android:launchMode
		ADDED from platforms\android\AndroidManifest.xml:6:135-165
	android:windowSoftInputMode
		ADDED from platforms\android\AndroidManifest.xml:6:257-299
	android:configChanges
		ADDED from platforms\android\AndroidManifest.xml:6:19-96
	android:theme
		ADDED from platforms\android\AndroidManifest.xml:6:194-256
	android:name
		ADDED from platforms\android\AndroidManifest.xml:6:166-193
intent-filter#android.intent.action.MAIN+android.intent.category.LAUNCHER
ADDED from platforms\android\AndroidManifest.xml:7:13-10:29
	android:label
		ADDED from platforms\android\AndroidManifest.xml:7:28-65
action#android.intent.action.MAIN
ADDED from platforms\android\AndroidManifest.xml:8:17-69
	android:name
		ADDED from platforms\android\AndroidManifest.xml:8:25-66
category#android.intent.category.LAUNCHER
ADDED from platforms\android\AndroidManifest.xml:9:17-77
	android:name
		ADDED from platforms\android\AndroidManifest.xml:9:27-74
activity#com.sarriaroman.PhotoViewer.PhotoActivity
ADDED from platforms\android\AndroidManifest.xml:12:9-143
	android:theme
		ADDED from platforms\android\AndroidManifest.xml:12:76-140
	android:name
		ADDED from platforms\android\AndroidManifest.xml:12:19-75
activity#com.google.android.gms.ads.AdActivity
ADDED from platforms\android\AndroidManifest.xml:13:9-233
MERGED from [com.google.android.gms:play-services-ads-lite:11.0.4] AndroidManifest.xml:25:9-232
	android:configChanges
		ADDED from platforms\android\AndroidManifest.xml:13:19-128
	android:theme
		ADDED from platforms\android\AndroidManifest.xml:13:182-230
	android:name
		ADDED from platforms\android\AndroidManifest.xml:13:129-181
provider#android.support.v4.content.FileProvider
ADDED from platforms\android\AndroidManifest.xml:14:9-16:20
	android:authorities
		ADDED from platforms\android\AndroidManifest.xml:14:19-66
		INJECTED from platforms\android\AndroidManifest.xml
	android:grantUriPermissions
		ADDED from platforms\android\AndroidManifest.xml:14:92-126
	android:exported
		ADDED from platforms\android\AndroidManifest.xml:14:67-91
	android:name
		ADDED from platforms\android\AndroidManifest.xml:14:127-181
meta-data#android.support.FILE_PROVIDER_PATHS
ADDED from platforms\android\AndroidManifest.xml:15:13-116
	android:resource
		ADDED from platforms\android\AndroidManifest.xml:15:75-113
	android:name
		ADDED from platforms\android\AndroidManifest.xml:15:24-74
receiver#com.google.android.gms.analytics.AnalyticsReceiver
ADDED from platforms\android\AndroidManifest.xml:17:9-21:20
	android:enabled
		ADDED from platforms\android\AndroidManifest.xml:17:19-41
	android:name
		ADDED from platforms\android\AndroidManifest.xml:17:42-107
intent-filter#com.google.android.gms.analytics.ANALYTICS_DISPATCH
ADDED from platforms\android\AndroidManifest.xml:18:13-20:29
action#com.google.android.gms.analytics.ANALYTICS_DISPATCH
ADDED from platforms\android\AndroidManifest.xml:19:17-94
	android:name
		ADDED from platforms\android\AndroidManifest.xml:19:25-91
service#com.google.android.gms.analytics.AnalyticsService
ADDED from platforms\android\AndroidManifest.xml:22:9-133
	android:enabled
		ADDED from platforms\android\AndroidManifest.xml:22:18-40
	android:exported
		ADDED from platforms\android\AndroidManifest.xml:22:41-65
	android:name
		ADDED from platforms\android\AndroidManifest.xml:22:66-130
receiver#com.google.android.gms.analytics.CampaignTrackingReceiver
ADDED from platforms\android\AndroidManifest.xml:23:9-27:20
	android:enabled
		ADDED from platforms\android\AndroidManifest.xml:23:19-41
	android:exported
		ADDED from platforms\android\AndroidManifest.xml:23:42-65
	android:name
		ADDED from platforms\android\AndroidManifest.xml:23:66-138
intent-filter#com.android.vending.INSTALL_REFERRER
ADDED from platforms\android\AndroidManifest.xml:24:13-26:29
action#com.android.vending.INSTALL_REFERRER
ADDED from platforms\android\AndroidManifest.xml:25:17-79
	android:name
		ADDED from platforms\android\AndroidManifest.xml:25:25-76
service#com.google.android.gms.analytics.CampaignTrackingService
ADDED from platforms\android\AndroidManifest.xml:28:9-140
	android:enabled
		ADDED from platforms\android\AndroidManifest.xml:28:18-40
	android:exported
		ADDED from platforms\android\AndroidManifest.xml:28:41-65
	android:name
		ADDED from platforms\android\AndroidManifest.xml:28:66-137
provider#nl.xservices.plugins.FileProvider
ADDED from platforms\android\AndroidManifest.xml:29:9-31:20
	android:authorities
		ADDED from platforms\android\AndroidManifest.xml:29:19-75
	android:grantUriPermissions
		ADDED from platforms\android\AndroidManifest.xml:29:101-135
	android:exported
		ADDED from platforms\android\AndroidManifest.xml:29:76-100
	android:name
		ADDED from platforms\android\AndroidManifest.xml:29:136-184
receiver#cordova.plugins.Diagnostic$LocationProviderChangedReceiver
ADDED from platforms\android\AndroidManifest.xml:32:9-36:20
	android:name
		ADDED from platforms\android\AndroidManifest.xml:32:19-92
intent-filter#android.location.PROVIDERS_CHANGED
ADDED from platforms\android\AndroidManifest.xml:33:13-35:29
action#android.location.PROVIDERS_CHANGED
ADDED from platforms\android\AndroidManifest.xml:34:17-77
	android:name
		ADDED from platforms\android\AndroidManifest.xml:34:25-74
receiver#cordova.plugins.Diagnostic$NFCStateChangedReceiver
ADDED from platforms\android\AndroidManifest.xml:37:9-41:20
	android:name
		ADDED from platforms\android\AndroidManifest.xml:37:19-84
intent-filter#android.nfc.action.ADAPTER_STATE_CHANGED
ADDED from platforms\android\AndroidManifest.xml:38:13-40:29
action#android.nfc.action.ADAPTER_STATE_CHANGED
ADDED from platforms\android\AndroidManifest.xml:39:17-83
	android:name
		ADDED from platforms\android\AndroidManifest.xml:39:25-80
amazon:enable-feature
ADDED from platforms\android\AndroidManifest.xml:42:9-159
	xmlns:amazon
		ADDED from platforms\android\AndroidManifest.xml:42:100-156
	android:required
		ADDED from platforms\android\AndroidManifest.xml:42:75-99
	android:name
		ADDED from platforms\android\AndroidManifest.xml:42:32-74
service#com.onesignal.ADMMessageHandler
ADDED from platforms\android\AndroidManifest.xml:43:9-92
	android:exported
		ADDED from platforms\android\AndroidManifest.xml:43:18-42
	android:name
		ADDED from platforms\android\AndroidManifest.xml:43:43-89
receiver#com.onesignal.ADMMessageHandler$Receiver
ADDED from platforms\android\AndroidManifest.xml:44:9-50:20
	android:permission
		ADDED from platforms\android\AndroidManifest.xml:44:75-139
	android:name
		ADDED from platforms\android\AndroidManifest.xml:44:19-74
intent-filter#com.amazon.device.messaging.intent.RECEIVE+com.amazon.device.messaging.intent.REGISTRATION+com.minkys.Tienda
ADDED from platforms\android\AndroidManifest.xml:45:13-49:29
action#com.amazon.device.messaging.intent.REGISTRATION
ADDED from platforms\android\AndroidManifest.xml:46:17-90
	android:name
		ADDED from platforms\android\AndroidManifest.xml:46:25-87
action#com.amazon.device.messaging.intent.RECEIVE
ADDED from platforms\android\AndroidManifest.xml:47:17-85
	android:name
		ADDED from platforms\android\AndroidManifest.xml:47:25-82
category#com.minkys.Tienda
ADDED from platforms\android\AndroidManifest.xml:48:17-62
	android:name
		ADDED from platforms\android\AndroidManifest.xml:48:27-59
uses-sdk
ADDED from platforms\android\AndroidManifest.xml:52:5-74
MERGED from [com.commit451:PhotoView:1.2.4] AndroidManifest.xml:8:5-10:41
MERGED from [com.google.android.gms:play-services-ads:11.0.4] AndroidManifest.xml:17:5-43
MERGED from [com.google.android.gms:play-services-ads-lite:11.0.4] AndroidManifest.xml:22:5-43
MERGED from [com.google.android.gms:play-services-clearcut:11.0.4] AndroidManifest.xml:17:5-43
MERGED from [com.google.android.gms:play-services-gass:11.0.4] AndroidManifest.xml:3:5-43
MERGED from [com.google.android.gms:play-services-safetynet:11.0.4] AndroidManifest.xml:17:5-43
MERGED from [com.google.android.gms:play-services-analytics:11.0.4] AndroidManifest.xml:17:5-43
MERGED from [com.google.android.gms:play-services-tagmanager-v4-impl:11.0.4] AndroidManifest.xml:17:5-43
MERGED from [com.google.android.gms:play-services-analytics-impl:11.0.4] AndroidManifest.xml:17:5-43
MERGED from [com.android.support:appcompat-v7:25.3.1] AndroidManifest.xml:21:5-23:78
MERGED from [com.android.support:animated-vector-drawable:25.3.1] AndroidManifest.xml:20:5-44
MERGED from [com.android.support:support-vector-drawable:25.3.1] AndroidManifest.xml:20:5-43
MERGED from [com.onesignal:OneSignal:3.5.6] AndroidManifest.xml:5:5-7:62
MERGED from [com.google.android.gms:play-services-gcm:11.0.4] AndroidManifest.xml:17:5-43
MERGED from [com.google.android.gms:play-services-iid:11.0.4] AndroidManifest.xml:17:5-43
MERGED from [com.google.android.gms:play-services-location:11.0.4] AndroidManifest.xml:3:5-43
MERGED from [com.google.android.gms:play-services-base:11.0.4] AndroidManifest.xml:17:5-43
MERGED from [com.google.android.gms:play-services-tasks:11.0.4] AndroidManifest.xml:3:5-43
MERGED from [com.google.android.gms:play-services-basement:11.0.4] AndroidManifest.xml:17:5-43
MERGED from [com.android.support:customtabs:24.0.0] AndroidManifest.xml:20:5-44
MERGED from [com.android.support:support-v4:25.3.1] AndroidManifest.xml:21:5-23:54
MERGED from [com.android.support:support-fragment:25.3.1] AndroidManifest.xml:21:5-23:60
MERGED from [com.android.support:support-media-compat:25.3.1] AndroidManifest.xml:21:5-23:63
MERGED from [com.android.support:support-core-ui:25.3.1] AndroidManifest.xml:21:5-23:58
MERGED from [com.android.support:support-core-utils:25.3.1] AndroidManifest.xml:21:5-23:61
MERGED from [com.android.support:support-compat:25.3.1] AndroidManifest.xml:21:5-23:58
MERGED from [org.apache.cordova:CordovaLib:6.2.3:debug] AndroidManifest.xml:25:5-44
	tools:overrideLibrary
		ADDED from [com.android.support:appcompat-v7:25.3.1] AndroidManifest.xml:23:9-75
	android:targetSdkVersion
		ADDED from platforms\android\AndroidManifest.xml:52:42-71
	android:minSdkVersion
		ADDED from platforms\android\AndroidManifest.xml:52:15-41
uses-permission#android.permission.WRITE_EXTERNAL_STORAGE
ADDED from platforms\android\AndroidManifest.xml:53:5-81
	android:name
		ADDED from platforms\android\AndroidManifest.xml:53:22-78
uses-permission#android.permission.READ_EXTERNAL_STORAGE
ADDED from platforms\android\AndroidManifest.xml:54:5-80
	android:name
		ADDED from platforms\android\AndroidManifest.xml:54:22-77
uses-permission#android.permission.ACCESS_NETWORK_STATE
ADDED from platforms\android\AndroidManifest.xml:55:5-79
MERGED from [com.google.android.gms:play-services-ads-lite:11.0.4] AndroidManifest.xml:20:5-78
MERGED from [com.google.android.gms:play-services-analytics:11.0.4] AndroidManifest.xml:21:5-78
MERGED from [com.google.android.gms:play-services-analytics-impl:11.0.4] AndroidManifest.xml:21:5-78
MERGED from [com.onesignal:OneSignal:3.5.6] AndroidManifest.xml:25:5-79
	android:name
		ADDED from platforms\android\AndroidManifest.xml:55:22-76
uses-permission#android.permission.ACCESS_COARSE_LOCATION
ADDED from platforms\android\AndroidManifest.xml:56:5-81
	android:name
		ADDED from platforms\android\AndroidManifest.xml:56:22-78
uses-permission#android.permission.ACCESS_FINE_LOCATION
ADDED from platforms\android\AndroidManifest.xml:57:5-79
	android:name
		ADDED from platforms\android\AndroidManifest.xml:57:22-76
uses-feature#android.hardware.location.gps
ADDED from platforms\android\AndroidManifest.xml:58:5-66
	android:name
		ADDED from platforms\android\AndroidManifest.xml:58:19-63
uses-permission#com.amazon.device.messaging.permission.RECEIVE
ADDED from platforms\android\AndroidManifest.xml:59:5-86
	android:name
		ADDED from platforms\android\AndroidManifest.xml:59:22-83
permission#com.minkys.Tienda.permission.RECEIVE_ADM_MESSAGE
ADDED from platforms\android\AndroidManifest.xml:60:5-119
	android:protectionLevel
		ADDED from platforms\android\AndroidManifest.xml:60:81-116
	android:name
		ADDED from platforms\android\AndroidManifest.xml:60:17-80
uses-permission#com.minkys.Tienda.permission.RECEIVE_ADM_MESSAGE
ADDED from platforms\android\AndroidManifest.xml:61:5-88
	android:name
		ADDED from platforms\android\AndroidManifest.xml:61:22-85
uses-permission#android.permission.WAKE_LOCK
ADDED from [com.google.android.gms:play-services-analytics:11.0.4] AndroidManifest.xml:24:5-67
MERGED from [com.google.android.gms:play-services-analytics-impl:11.0.4] AndroidManifest.xml:24:5-67
MERGED from [com.onesignal:OneSignal:3.5.6] AndroidManifest.xml:19:5-68
	android:name
		ADDED from [com.google.android.gms:play-services-analytics:11.0.4] AndroidManifest.xml:24:22-65
meta-data#android.support.VERSION
ADDED from [com.android.support:appcompat-v7:25.3.1] AndroidManifest.xml:25:5-27:34
MERGED from [com.android.support:animated-vector-drawable:25.3.1] AndroidManifest.xml:22:5-24:34
MERGED from [com.android.support:support-vector-drawable:25.3.1] AndroidManifest.xml:22:5-24:34
MERGED from [com.android.support:support-v4:25.3.1] AndroidManifest.xml:25:5-27:34
MERGED from [com.android.support:support-fragment:25.3.1] AndroidManifest.xml:25:5-27:34
MERGED from [com.android.support:support-media-compat:25.3.1] AndroidManifest.xml:25:5-27:34
MERGED from [com.android.support:support-core-ui:25.3.1] AndroidManifest.xml:25:5-27:34
MERGED from [com.android.support:support-core-utils:25.3.1] AndroidManifest.xml:25:5-27:34
MERGED from [com.android.support:support-compat:25.3.1] AndroidManifest.xml:25:5-27:34
	android:value
		ADDED from [com.android.support:appcompat-v7:25.3.1] AndroidManifest.xml:27:9-31
	android:name
		ADDED from [com.android.support:appcompat-v7:25.3.1] AndroidManifest.xml:26:9-47
permission#${applicationId}.permission.C2D_MESSAGE
ADDED from [com.onesignal:OneSignal:3.5.6] AndroidManifest.xml:10:5-12:47
	android:protectionLevel
		ADDED from [com.onesignal:OneSignal:3.5.6] AndroidManifest.xml:12:9-44
	android:name
		ADDED from [com.onesignal:OneSignal:3.5.6] AndroidManifest.xml:11:9-63
uses-permission#${applicationId}.permission.C2D_MESSAGE
ADDED from [com.onesignal:OneSignal:3.5.6] AndroidManifest.xml:14:5-79
	android:name
		ADDED from [com.onesignal:OneSignal:3.5.6] AndroidManifest.xml:14:22-76
uses-permission#com.google.android.c2dm.permission.RECEIVE
ADDED from [com.onesignal:OneSignal:3.5.6] AndroidManifest.xml:18:5-82
MERGED from [com.google.android.gms:play-services-gcm:11.0.4] AndroidManifest.xml:20:5-81
MERGED from [com.google.android.gms:play-services-iid:11.0.4] AndroidManifest.xml:20:5-81
	android:name
		ADDED from [com.onesignal:OneSignal:3.5.6] AndroidManifest.xml:18:22-79
uses-permission#android.permission.VIBRATE
ADDED from [com.onesignal:OneSignal:3.5.6] AndroidManifest.xml:24:5-66
	android:name
		ADDED from [com.onesignal:OneSignal:3.5.6] AndroidManifest.xml:24:22-63
uses-permission#android.permission.RECEIVE_BOOT_COMPLETED
ADDED from [com.onesignal:OneSignal:3.5.6] AndroidManifest.xml:30:5-81
	android:name
		ADDED from [com.onesignal:OneSignal:3.5.6] AndroidManifest.xml:30:22-78
uses-permission#com.sec.android.provider.badge.permission.READ
ADDED from [com.onesignal:OneSignal:3.5.6] AndroidManifest.xml:32:5-86
	android:name
		ADDED from [com.onesignal:OneSignal:3.5.6] AndroidManifest.xml:32:22-83
uses-permission#com.sec.android.provider.badge.permission.WRITE
ADDED from [com.onesignal:OneSignal:3.5.6] AndroidManifest.xml:33:5-87
	android:name
		ADDED from [com.onesignal:OneSignal:3.5.6] AndroidManifest.xml:33:22-84
uses-permission#com.htc.launcher.permission.READ_SETTINGS
ADDED from [com.onesignal:OneSignal:3.5.6] AndroidManifest.xml:34:5-81
	android:name
		ADDED from [com.onesignal:OneSignal:3.5.6] AndroidManifest.xml:34:22-78
uses-permission#com.htc.launcher.permission.UPDATE_SHORTCUT
ADDED from [com.onesignal:OneSignal:3.5.6] AndroidManifest.xml:35:5-83
	android:name
		ADDED from [com.onesignal:OneSignal:3.5.6] AndroidManifest.xml:35:22-80
uses-permission#com.sonyericsson.home.permission.BROADCAST_BADGE
ADDED from [com.onesignal:OneSignal:3.5.6] AndroidManifest.xml:36:5-88
	android:name
		ADDED from [com.onesignal:OneSignal:3.5.6] AndroidManifest.xml:36:22-85
uses-permission#com.sonymobile.home.permission.PROVIDER_INSERT_BADGE
ADDED from [com.onesignal:OneSignal:3.5.6] AndroidManifest.xml:37:5-92
	android:name
		ADDED from [com.onesignal:OneSignal:3.5.6] AndroidManifest.xml:37:22-89
uses-permission#com.anddoes.launcher.permission.UPDATE_COUNT
ADDED from [com.onesignal:OneSignal:3.5.6] AndroidManifest.xml:38:5-84
	android:name
		ADDED from [com.onesignal:OneSignal:3.5.6] AndroidManifest.xml:38:22-81
uses-permission#com.majeur.launcher.permission.UPDATE_BADGE
ADDED from [com.onesignal:OneSignal:3.5.6] AndroidManifest.xml:39:5-83
	android:name
		ADDED from [com.onesignal:OneSignal:3.5.6] AndroidManifest.xml:39:22-80
uses-permission#com.huawei.android.launcher.permission.CHANGE_BADGE
ADDED from [com.onesignal:OneSignal:3.5.6] AndroidManifest.xml:40:5-91
	android:name
		ADDED from [com.onesignal:OneSignal:3.5.6] AndroidManifest.xml:40:22-88
uses-permission#com.huawei.android.launcher.permission.READ_SETTINGS
ADDED from [com.onesignal:OneSignal:3.5.6] AndroidManifest.xml:41:5-92
	android:name
		ADDED from [com.onesignal:OneSignal:3.5.6] AndroidManifest.xml:41:22-89
uses-permission#com.huawei.android.launcher.permission.WRITE_SETTINGS
ADDED from [com.onesignal:OneSignal:3.5.6] AndroidManifest.xml:42:5-93
	android:name
		ADDED from [com.onesignal:OneSignal:3.5.6] AndroidManifest.xml:42:22-90
uses-permission#android.permission.READ_APP_BADGE
ADDED from [com.onesignal:OneSignal:3.5.6] AndroidManifest.xml:43:5-73
	android:name
		ADDED from [com.onesignal:OneSignal:3.5.6] AndroidManifest.xml:43:22-70
uses-permission#com.oppo.launcher.permission.READ_SETTINGS
ADDED from [com.onesignal:OneSignal:3.5.6] AndroidManifest.xml:44:5-82
	android:name
		ADDED from [com.onesignal:OneSignal:3.5.6] AndroidManifest.xml:44:22-79
uses-permission#com.oppo.launcher.permission.WRITE_SETTINGS
ADDED from [com.onesignal:OneSignal:3.5.6] AndroidManifest.xml:45:5-83
	android:name
		ADDED from [com.onesignal:OneSignal:3.5.6] AndroidManifest.xml:45:22-80
uses-permission#me.everything.badger.permission.BADGE_COUNT_READ
ADDED from [com.onesignal:OneSignal:3.5.6] AndroidManifest.xml:46:5-88
	android:name
		ADDED from [com.onesignal:OneSignal:3.5.6] AndroidManifest.xml:46:22-85
uses-permission#me.everything.badger.permission.BADGE_COUNT_WRITE
ADDED from [com.onesignal:OneSignal:3.5.6] AndroidManifest.xml:47:5-89
	android:name
		ADDED from [com.onesignal:OneSignal:3.5.6] AndroidManifest.xml:47:22-86
meta-data#onesignal_app_id
ADDED from [com.onesignal:OneSignal:3.5.6] AndroidManifest.xml:50:9-52:51
	android:value
		ADDED from [com.onesignal:OneSignal:3.5.6] AndroidManifest.xml:52:13-48
	android:name
		ADDED from [com.onesignal:OneSignal:3.5.6] AndroidManifest.xml:51:13-44
meta-data#onesignal_google_project_number
ADDED from [com.onesignal:OneSignal:3.5.6] AndroidManifest.xml:54:9-56:70
	android:value
		ADDED from [com.onesignal:OneSignal:3.5.6] AndroidManifest.xml:56:13-67
	android:name
		ADDED from [com.onesignal:OneSignal:3.5.6] AndroidManifest.xml:55:13-59
receiver#com.onesignal.GcmBroadcastReceiver
ADDED from [com.onesignal:OneSignal:3.5.6] AndroidManifest.xml:58:9-68:20
	android:permission
		ADDED from [com.onesignal:OneSignal:3.5.6] AndroidManifest.xml:60:13-73
	android:name
		ADDED from [com.onesignal:OneSignal:3.5.6] AndroidManifest.xml:59:13-62
intent-filter#${applicationId}+com.google.android.c2dm.intent.RECEIVE
ADDED from [com.onesignal:OneSignal:3.5.6] AndroidManifest.xml:63:13-67:29
	android:priority
		ADDED from [com.onesignal:OneSignal:3.5.6] AndroidManifest.xml:63:28-50
action#com.google.android.c2dm.intent.RECEIVE
ADDED from [com.onesignal:OneSignal:3.5.6] AndroidManifest.xml:64:17-81
	android:name
		ADDED from [com.onesignal:OneSignal:3.5.6] AndroidManifest.xml:64:25-78
category#${applicationId}
ADDED from [com.onesignal:OneSignal:3.5.6] AndroidManifest.xml:66:17-61
	android:name
		ADDED from [com.onesignal:OneSignal:3.5.6] AndroidManifest.xml:66:27-58
receiver#com.onesignal.NotificationOpenedReceiver
ADDED from [com.onesignal:OneSignal:3.5.6] AndroidManifest.xml:69:9-77
	android:name
		ADDED from [com.onesignal:OneSignal:3.5.6] AndroidManifest.xml:69:19-74
service#com.onesignal.GcmIntentService
ADDED from [com.onesignal:OneSignal:3.5.6] AndroidManifest.xml:71:9-66
	android:name
		ADDED from [com.onesignal:OneSignal:3.5.6] AndroidManifest.xml:71:18-63
service#com.onesignal.SyncService
ADDED from [com.onesignal:OneSignal:3.5.6] AndroidManifest.xml:72:9-61
	android:name
		ADDED from [com.onesignal:OneSignal:3.5.6] AndroidManifest.xml:72:18-58
activity#com.onesignal.PermissionsActivity
ADDED from [com.onesignal:OneSignal:3.5.6] AndroidManifest.xml:74:9-76:75
	android:theme
		ADDED from [com.onesignal:OneSignal:3.5.6] AndroidManifest.xml:76:13-72
	android:name
		ADDED from [com.onesignal:OneSignal:3.5.6] AndroidManifest.xml:75:13-61
service#com.onesignal.NotificationRestoreService
ADDED from [com.onesignal:OneSignal:3.5.6] AndroidManifest.xml:78:9-76
	android:name
		ADDED from [com.onesignal:OneSignal:3.5.6] AndroidManifest.xml:78:18-73
receiver#com.onesignal.BootUpReceiver
ADDED from [com.onesignal:OneSignal:3.5.6] AndroidManifest.xml:80:9-85:20
	android:name
		ADDED from [com.onesignal:OneSignal:3.5.6] AndroidManifest.xml:80:19-62
intent-filter#android.intent.action.BOOT_COMPLETED+android.intent.action.QUICKBOOT_POWERON
ADDED from [com.onesignal:OneSignal:3.5.6] AndroidManifest.xml:81:13-84:29
action#android.intent.action.BOOT_COMPLETED
ADDED from [com.onesignal:OneSignal:3.5.6] AndroidManifest.xml:82:17-79
	android:name
		ADDED from [com.onesignal:OneSignal:3.5.6] AndroidManifest.xml:82:25-76
action#android.intent.action.QUICKBOOT_POWERON
ADDED from [com.onesignal:OneSignal:3.5.6] AndroidManifest.xml:83:17-82
	android:name
		ADDED from [com.onesignal:OneSignal:3.5.6] AndroidManifest.xml:83:25-79
receiver#com.onesignal.UpgradeReceiver
ADDED from [com.onesignal:OneSignal:3.5.6] AndroidManifest.xml:86:9-90:20
	android:name
		ADDED from [com.onesignal:OneSignal:3.5.6] AndroidManifest.xml:86:19-63
intent-filter#android.intent.action.MY_PACKAGE_REPLACED
ADDED from [com.onesignal:OneSignal:3.5.6] AndroidManifest.xml:87:13-89:29
action#android.intent.action.MY_PACKAGE_REPLACED
ADDED from [com.onesignal:OneSignal:3.5.6] AndroidManifest.xml:88:17-84
	android:name
		ADDED from [com.onesignal:OneSignal:3.5.6] AndroidManifest.xml:88:25-81
activity#com.google.android.gms.common.api.GoogleApiActivity
ADDED from [com.google.android.gms:play-services-base:11.0.4] AndroidManifest.xml:19:9-172
	android:exported
		ADDED from [com.google.android.gms:play-services-base:11.0.4] AndroidManifest.xml:19:146-170
	android:theme
		ADDED from [com.google.android.gms:play-services-base:11.0.4] AndroidManifest.xml:19:86-145
	android:name
		ADDED from [com.google.android.gms:play-services-base:11.0.4] AndroidManifest.xml:19:19-85
meta-data#com.google.android.gms.version
ADDED from [com.google.android.gms:play-services-basement:11.0.4] AndroidManifest.xml:20:9-121
	android:value
		ADDED from [com.google.android.gms:play-services-basement:11.0.4] AndroidManifest.xml:20:66-119
	android:name
		ADDED from [com.google.android.gms:play-services-basement:11.0.4] AndroidManifest.xml:20:20-65